<?xml version="1.0" encoding="UTF-8"?>
<!-- Generated by org.testng.reporters.JUnitReportReporter -->
<testsuite hostname="LAPTOP-GF1816MK" failures="0" tests="2" name="test123.Testclass" time="22.452" errors="0" timestamp="2022-05-30T15:14:37 IST" skipped="0">
  <testcase classname="test123.Testclass" name="homepage1" time="11.209"/>
  <system-out/>
  <testcase classname="test123.Testclass" name="homepage1" time="11.243"/>
  <system-out/>
</testsuite> <!-- test123.Testclass -->
